500 
0 3074 79 6054 9007 518 3935 3167 501 6818 8433 3150 7533 5769 3514 4248 
1 7762 9607 8797 8453 4805 4099 8295 9605 3126 3231 4990 321 2289 4873 8166 7457 1786 
2 2962 5593 7142 5057 2 9876 852 4696 5407 3332 136 4740 6661 
3 6778 6528 1071 7209 5782 692 935 2049 5101 7478 6587 7026 9007 5330 3894 6453 7332 3018 
4 9007 8387 9374 5064 3309 130 8419 1695 8305 9910 4961 5566 9470 481 8462 4365 
5 7883 9075 5643 8193 1979 1605 2198 884 1951 8871 6298 7825 3655 378 9627 8357 
6 8994 7198 1917 8677 6571 3187 8872 7694 5897 7248 6661 5285 2002 
7 7762 9404 8325 5715 759 7352 6249 8626 3616 6582 6534 9609 1686 6748 3468 5749 1683 3895 
8 1534 2986 2 8716 139 8134 7235 4011 4077 7381 322 9511 6473 8288 5290 558 586 
9 1628 2810 1083 3817 8682 2468 3272 9395 2095 4325 2656 8238 7738 
10 3894 979 8716 6499 3128 1856 6027 1205 7143 6985 2666 5926 6718 2545 4765 4511 6846 
11 2772 7194 6927 7778 7584 6849 3650 2516 9359 
12 2704 2962 2327 256 9997 4339 4075 2763 8114 7227 7757 7559 6613 6119 
13 6049 2693 4760 2093 160 2165 6155 9557 9290 758 4199 3265 5720 2849 6214 
14 1607 2 3377 2019 5185 7228 895 9987 4118 6085 4342 9764 8108 4738 
15 1668 2240 2533 2707 1799 7851 8661 4430 8177 9361 2659 935 1803 3827 5378 2503 6262 9953 
16 4377 321 2589 9050 7365 9971 3457 9238 7960 258 3897 1284 6889 3565 9202 8575 6333 6833 
17 2904 8663 44 739 6917 9651 7181 5737 4836 7051 9918 1564 6923 
18 300 321 9545 5445 4294 7434 2807 4913 4943 7144 6765 1079 9796 5419 208 4122 6210 8149 
19 2790 79 5014 8138 388 9008 6468 5162 6660 789 4721 8163 6730 9850 6226 1095 
20 2340 321 2095 5326 4701 6635 8749 1437 9975 9762 5744 3563 8153 4529 1747 
21 9842 1774 705 2867 2804 6183 3469 3130 5386 2553 1341 4135 5811 7648 
22 6073 4159 5208 8975 6450 8497 6204 8303 4274 9682 4953 
23 5962 2240 3012 7968 8125 9139 8812 3541 2736 2539 2493 5994 4266 6158 3442 6666 2104 1266 
24 4647 6914 4310 8879 8692 8353 8138 3704 4562 348 8418 226 6186 5188 
25 7699 3783 9013 1912 7599 13 7928 5143 5002 235 7423 9761 2649 74 5636 3603 4442 6617 7197 4410 
26 9545 4616 2288 5062 1129 9983 4344 6557 4429 1997 5221 2969 8717 
27 5412 7669 5715 4626 7519 3510 4803 9067 9566 3221 8176 4548 8027 8431 1064 7571 3173 2506 
28 2240 1542 9356 7438 3319 4453 6700 1385 1113 9244 7401 1452 5587 6180 2364 3718 
29 9197 7733 7393 3208 6477 5623 1291 541 6426 5074 7153 5685 2959 110 6202 
30 5962 2 6584 6549 810 72 6903 2028 40 2589 7705 9220 7019 5889 5574 
31 8830 5715 3303 4021 7018 8448 8606 8234 141 2234 289 8575 9586 5410 2722 
32 2962 3877 8599 4639 5198 7147 2407 4145 5062 1587 9949 2919 2946 2776 447 5958 9729 
33 3023 5715 7771 514 438 7441 5661 9611 8904 6231 4411 8273 7533 7655 
34 3830 79 4385 2407 3221 9035 4865 9275 6649 6951 1796 5321 6806 
35 5880 2962 5239 1299 6373 7432 3211 8567 6879 5632 2438 113 3994 3882 3232 2894 3519 
36 9930 3007 4476 5093 5955 9401 5601 9638 3729 7385 8207 
37 321 4901 7333 5323 1972 5800 1994 8098 313 200 2614 4274 5693 5412 9822 5381 1039 
38 9795 4641 1660 5293 9640 134 5447 7703 5943 5065 3012 2400 3181 
39 9075 9848 3146 8445 1572 511 9515 6427 2587 7560 9861 5709 6552 7530 5707 9720 1067 4193 
40 6538 8429 535 2326 2276 1385 5751 5986 7215 8739 1983 2892 
41 7949 4801 2885 6708 2635 601 7299 3786 1337 2829 4482 3339 4891 
42 9533 3012 8387 8134 6054 6153 9518 4439 6569 8605 1718 175 6067 8070 3467 1700 5022 2208 
43 4399 697 5594 8245 9046 7802 8767 7667 5703 378 3894 2186 7558 5266 1157 
44 4385 2773 8718 4354 9606 9349 7081 5438 6654 8590 4934 1592 411 
45 2962 3103 8125 5752 437 569 6608 2199 9981 6502 8035 4717 1130 846 8559 6075 2047 9463 7278 
46 3758 5622 1221 6601 1099 1622 1235 4329 1248 2197 
47 3982 3830 2240 9139 3656 2830 9249 9390 9721 4856 100 4594 7769 9169 2222 
48 3568 979 716 8075 5657 5652 5757 1372 8865 4600 
49 1299 4314 7413 5758 8556 513 7912 7972 2168 5592 1066 9000 8147 8193 5053 6300 8 935 221 8256 236 774 9309 8427 
50 321 8212 1375 9122 1444 3734 4107 9039 3074 9698 8598 5263 1872 2108 6724 
51 7949 7438 3830 3023 4901 8013 3109 891 2558 5913 7631 7721 3979 86 4420 2995 3882 5237 
52 6584 4362 935 8036 3610 8034 8308 2394 9372 7832 9715 714 5527 
53 6938 1979 554 1097 216 8761 735 1476 475 159 1016 1603 9244 6994 4717 1515 8254 7684 1865 
54 6049 5715 7333 3023 2074 6374 9264 7230 9987 291 3536 7348 4619 5658 625 4365 2367 
55 321 780 202 1038 4840 1732 9698 3041 7308 8826 9704 4391 
56 7413 1871 3496 4786 309 7126 5816 7399 6576 8223 8386 9696 1613 265 4199 6100 3588 4873 3778 
57 5412 843 5212 557 4888 5023 8743 9490 4734 6891 4982 2465 5837 7796 6510 9007 9254 
58 5715 780 527 1904 5690 9514 1080 4179 9516 1431 3765 3534 6745 
59 6687 6771 4552 4703 6449 2313 1393 7313 9984 6952 571 5395 9297 3885 
60 2962 7163 19 31 7378 8080 2431 2530 7500 8971 
61 6134 6692 7997 6354 5578 1752 6328 5644 5097 8674 2643 5009 6983 4672 6605 5018 3690 
62 3982 427 3377 1025 6503 1552 6724 7779 8336 9766 9773 6244 5268 7133 5308 6727 6267 1755 
63 6021 569 1800 7136 6661 8505 7341 7725 1084 8638 6840 8577 8149 9770 2447 4962 
64 1774 4378 8498 3683 7142 3976 9186 2126 9521 1489 201 4780 8557 9082 4282 6342 
65 300 4457 8930 2701 7410 1987 8417 7946 3526 935 6209 5057 4858 6390 5336 9917 
66 6134 1750 3818 4264 7002 7061 2084 2331 9500 6560 3022 48 3202 
67 6044 7289 1571 8470 3920 5782 3449 5727 2790 662 2351 9762 2527 
68 4400 1472 7351 3251 9632 5531 9464 4894 6979 2142 8603 6613 5364 2046 5035 5145 
69 7949 4626 5966 4867 7699 8345 3613 7906 3059 6993 480 3055 
70 79 3316 690 5206 6784 1303 4896 737 7257 9701 270 9074 9438 3881 
71 2121 8104 8437 2788 4781 2374 3733 7038 340 4807 5305 8370 360 
72 2240 1216 6305 3959 9418 4571 5195 3525 3695 1764 6926 9978 
73 8716 7732 8562 2924 8590 1874 2296 401 4130 8493 9661 2567 
74 7296 8495 148 5149 3528 3358 9011 4109 5247 4708 5336 4175 7127 5986 3752 286 
75 4176 7599 5605 1464 7866 7372 5173 9380 6530 404 608 1251 654 4033 2209 2391 
76 7736 3783 6119 7518 8287 6999 3420 8753 4041 6024 621 3115 9845 8265 3697 
77 5869 545 9842 6381 8994 4476 3628 9137 8783 3949 1027 8854 3862 2139 
78 7762 7652 3012 991 9138 6 5173 144 8343 3453 1614 7334 8560 1768 162 
79 3074 5219 7240 9940 865 4567 6035 5411 7605 1292 4246 7526 7655 5153 3006 9668 8353 4923 5314 
80 321 8491 3140 2884 6707 1173 9014 2954 2109 3094 585 5393 8336 4005 8930 8972 5992 9846 
81 6827 5715 5895 3163 5369 3028 4486 8297 3417 8682 9703 2111 466 4796 1163 3987 
82 3077 7109 3815 2700 1770 6120 4360 4010 4199 7519 1165 9315 7005 
83 8910 5748 3012 3191 2819 1459 6208 2888 2568 5800 5069 7432 7938 367 1482 
84 6534 5715 1846 5358 7971 9443 3470 5374 845 1241 5834 1209 7296 6719 9722 5278 4525 2423 5674 4401 
85 2643 3894 5062 4234 9081 2314 4825 8517 1433 6926 8324 
86 2962 3795 4915 7951 6933 3044 3216 2521 4771 7231 6255 1170 
87 2240 4199 2569 1383 478 1752 9104 7697 3058 9200 9116 4761 6857 8492 739 
88 3111 9139 9197 3521 2760 1117 133 6305 7456 4898 319 2048 1514 3413 1583 1838 136 1344 3203 3271 
89 2327 5715 5340 2774 131 8537 9983 9025 114 2286 5882 4231 7537 117 142 8934 5589 2704 
90 3543 9007 217 5240 3347 8621 2362 6812 9670 4790 9864 195 
91 9713 6321 2236 2279 9674 3550 7949 426 5918 6646 6418 1029 
92 2288 4558 3675 8536 5426 4414 8150 5148 1701 2688 2637 8296 3728 
93 3032 8904 6687 8273 3682 6539 6457 7225 158 477 7242 728 
94 3074 2555 925 3836 5341 5775 7413 3919 6948 4843 6500 8973 9345 905 2188 2674 3504 5818 8854 6168 
95 2962 7709 5639 4053 4621 2429 9118 7985 760 9180 6117 9115 8033 
96 935 8756 9310 59 9779 7805 5925 9239 6906 421 8291 695 
97 2962 1625 9347 4494 461 3917 5597 8114 4863 4441 9513 1814 3494 7516 
98 3012 7732 7670 3491 1558 2633 5109 5760 2076 8568 3876 2975 9014 7620 
99 183 9003 6712 1988 1165 6113 5967 9590 9621 8673 6176 7311 1527 
100 3032 9968 4886 9933 8597 7275 7386 6434 773 8787 2732 4825 135 1452 3646 6607 
101 9842 4824 1668 2771 6603 9341 75 8151 4806 2679 3592 5316 123 1736 1032 6667 6619 1694 1675 
102 5412 1934 84 3665 564 1754 7196 1685 5078 3291 8920 1637 3809 2784 3441 2591 4240 5658 
103 8491 79 7791 6336 3404 1982 2999 5977 3546 2587 7073 5531 3744 
104 8406 9244 9848 5848 9722 5391 5816 335 2342 9101 51 8852 9302 1378 713 9064 1260 6171 
105 6613 2986 9659 238 443 2267 7471 6644 7682 9666 3293 5503 319 6940 8659 4485 6161 3946 
106 6170 3023 3081 6467 1889 5063 1415 3707 2114 4594 1348 5036 9571 8304 4758 9088 5 
107 1984 9129 6732 45 7160 298 1000 6107 5821 205 1963 4097 2181 7251 
108 9483 3074 1606 1670 5150 1204 6088 2887 913 3302 6616 8995 9947 1698 321 7100 9691 1339 
109 5715 935 7153 6672 4559 3363 3215 8764 7254 9090 25 7480 3388 6700 2913 6157 
110 7240 9197 8353 4096 3158 2605 6476 4723 2734 6318 5900 8006 
111 5848 8431 2422 3894 5445 7806 9850 5619 4708 7816 188 1246 2239 3018 7577 7207 5483 7213 23 7128 
112 9930 5401 8431 7983 4103 9795 4669 8013 9611 769 9257 5327 2400 
113 4909 3074 1401 1710 4948 5746 2449 3131 7666 6213 4875 4421 3839 6459 3128 3361 3329 
114 6613 2437 921 6061 32 9149 5160 3939 1942 4938 3567 3149 1809 4824 3673 507 7866 4454 1998 
115 79 7438 4901 3989 4614 5133 2081 2299 8077 2813 2265 2238 2117 9912 2174 
116 321 3584 3190 1241 350 7292 8170 4217 4910 9787 191 5575 
117 935 321 6528 977 5309 5768 4960 1563 9800 4362 4518 6623 6943 2539 330 5334 583 8307 5614 
118 6030 1668 7213 1014 9587 8904 4230 8811 6517 6301 1703 6405 2157 4799 7034 
119 5014 960 5806 165 5935 3185 1999 716 7598 1473 498 3577 
120 9244 9138 8600 3395 1022 4993 2854 9054 3763 7284 7532 1155 1423 
121 2240 4985 7949 843 6611 8896 1429 2810 1901 799 6694 1436 4623 7955 6236 3622 1542 8322 3104 4285 7632 2650 
122 1774 8994 3074 2653 2797 8160 2011 4220 6437 7436 7994 9509 5613 4101 9555 
123 3877 2095 4526 9931 1674 1592 4157 8962 2311 1613 2332 5246 
124 5412 6029 4351 9776 8581 8952 7019 9229 2168 7660 152 
125 2962 1916 1757 6584 2956 2226 6870 83 5796 6194 3337 1991 2041 6518 
126 5762 3077 8947 6469 419 5940 6226 6401 8455 9210 3476 8887 5734 5966 2276 4150 8069 8803 
127 3354 5232 6491 9551 1907 7689 4162 328 9093 9109 8175 9753 5792 9819 
128 2 2962 5412 4311 4765 2129 8301 2172 1050 9061 1035 9654 7727 5024 12 
129 7285 8105 4602 6627 7130 7532 7664 6801 8139 3870 4366 3378 68 
130 321 1550 6996 4578 6633 2418 1168 5402 4604 1522 7069 6907 8520 
131 321 1454 7929 5966 2067 1288 3177 6098 8829 8460 1081 3894 8552 7880 1794 9782 3441 
132 9533 108 7354 5269 4157 5425 3711 3941 342 3318 4605 
133 79 753 2950 8819 6091 408 6615 7663 635 490 1109 
134 321 9299 352 8332 577 2912 146 2102 215 1340 5106 2660 6973 6868 
135 9533 8293 5006 2 8947 3254 7936 2244 2706 6230 6138 847 8547 682 992 5412 825 702 
136 2986 2 2513 8965 6555 9291 547 1420 6785 2490 229 4066 9796 6896 
137 5715 1105 7413 3079 5706 1013 4496 8601 2454 4123 1098 4902 7176 2308 5133 
138 5340 4855 4340 9087 2700 7565 4972 6813 968 3756 4408 9096 1830 8412 
139 7438 4040 7750 4846 4514 7326 4538 3479 5926 2670 6079 
140 6327 7949 8176 7264 748 973 6590 9455 1318 5662 2548 9181 
141 5715 9545 4679 8387 9261 6709 7174 4034 204 3780 8686 5844 3387 560 2485 2212 
142 2962 7883 8832 2696 176 4032 9183 6354 6192 8449 2474 798 8463 4447 8234 9353 
143 9107 4844 9612 7328 2691 9417 2680 436 9618 1684 3403 
144 79 352 1763 3630 126 3814 373 2014 2391 8991 2334 5292 2534 5985 3425 9103 2148 
145 7883 2902 2422 2768 3567 1532 4823 8151 874 8405 7144 5241 564 7836 951 3055 
146 4765 7285 5451 8587 3387 8486 4506 4481 5606 5750 4330 5875 5193 9284 7310 6613 1774 
147 321 2643 2114 5909 6603 5908 6523 2425 2652 1183 1917 4147 4484 453 5378 5372 
148 7883 7652 687 203 5883 1550 5834 2576 6278 4019 134 1883 8505 
149 3877 5156 2182 1287 116 2743 2444 194 6506 9650 5481 8351 208 456 9739 1600 9073 
150 1476 4488 3324 6838 5448 7007 7877 2647 2203 7433 1334 2185 3119 4729 7590 
151 2240 4176 1025 183 1743 3451 6295 5324 5830 3619 985 8964 7249 3069 
152 2962 5677 7902 1924 9783 7856 8532 169 8945 2291 6931 7338 2906 3297 2229 436 
153 6465 447 2608 9728 6797 4987 5540 4160 242 4761 2840 5276 
154 5821 3877 9565 3569 7388 778 3426 9667 4671 1368 17 8317 5745 
155 2962 9244 9533 1134 7219 829 6733 38 3281 5514 1626 6568 5839 57 3283 
156 3877 3543 1552 2600 4037 5180 2594 7589 4774 6311 843 3923 7159 5041 4317 3126 2880 
157 4035 952 9887 5572 3254 4090 8902 7514 681 6791 8521 7072 7183 
158 3982 4199 4352 6306 8531 2306 7997 4418 2183 3287 6207 9544 8645 72 8324 7986 7269 
159 7438 9129 4319 3791 1321 8770 3699 1024 5464 6937 1941 5242 6639 
160 4855 6258 3528 2188 6866 6487 3784 6788 8444 5805 684 7314 8836 4685 
161 2643 9244 4962 8696 5993 3923 6672 6320 8849 3225 9228 3483 4988 7362 3533 1776 2268 2559 9065 323 
162 2555 8130 3936 3877 9005 1366 3707 7323 7969 9739 7179 9585 1028 1348 8161 5844 5543 8624 
163 7762 5715 4882 9416 7439 8619 9253 3490 5956 6452 3199 7486 2140 2480 3857 3723 
164 7429 7949 5385 9326 6494 9593 6552 2637 6578 2374 306 7914 
165 6549 1542 5264 8088 3154 1500 8969 4250 6853 5455 3553 8847 7226 3199 
166 4199 2288 7180 1343 3915 8586 7304 1894 5536 8382 1192 287 6629 9288 
167 3012 5762 3982 5446 6196 934 1741 5921 5502 1642 7721 644 4996 2673 4683 2400 3041 4370 
168 9007 4199 6938 2773 3125 9885 4846 8958 5503 9408 5711 5999 1680 7245 6554 4143 1561 
169 6802 6270 345 8553 642 8884 41 863 3279 7334 936 5651 6768 8702 
170 6778 6922 3079 4166 2989 6125 6641 7419 9458 6248 3969 7344 2971 
171 4176 4765 7751 5503 171 930 5191 3534 825 1495 8052 7552 1986 5561 
172 9968 1868 9075 1491 1479 1653 705 3162 6714 8984 5298 1411 9273 9471 3665 
173 9968 9842 7240 4314 3403 6836 2895 7491 3486 6831 282 3012 612 7278 4923 7089 2275 6577 6571 
174 9842 8599 3149 9207 2066 2855 6598 3340 6398 4184 7547 7211 3525 5381 
175 321 2643 8711 9199 2102 2044 5682 6542 3371 4039 9034 5753 1860 576 
176 321 4679 9191 5077 2365 2158 77 5628 2034 95 4209 8309 9159 5044 5491 4931 
177 6635 7864 3781 9947 3020 3377 2178 979 4921 9927 713 5297 9077 736 3703 7820 7633 5294 1279 
178 6986 139 5826 7461 9103 5001 742 3612 7377 8073 1752 9112 3623 2456 8224 
179 7153 2962 574 8708 3135 9892 6758 5023 3034 9243 3466 4443 7353 1371 6996 
180 2288 7206 9461 9449 7416 500 7336 6803 7293 6631 4051 2968 572 3835 8336 668 
181 3103 5341 385 9411 7107 8294 356 4267 4736 2273 6448 1654 456 9032 3747 
182 9968 3830 1668 281 9462 3068 6884 3461 7531 6989 4888 3952 5595 
183 5458 6082 8142 8026 649 3455 6010 2119 6533 3416 2402 8385 
184 5507 368 9232 8003 214 7022 570 9306 1832 1186 8642 8910 
185 2240 7206 5771 7574 6006 1909 3544 8074 9180 2081 6188 4297 3801 
186 569 6938 9510 8174 90 960 8227 1629 6933 4265 8136 2322 5811 9572 5924 433 
187 8832 5043 1474 9967 5792 181 8622 7965 931 1844 7263 7296 
188 3936 6738 5155 2845 6119 4564 9304 3201 2566 8560 2113 630 
189 4311 8462 476 2239 1807 623 3979 6614 4050 733 5104 8195 4610 3813 506 6726 
190 2240 1454 505 3860 8100 5148 8527 9811 542 9182 7943 9377 
191 5715 5340 9545 8106 6048 122 5357 2781 486 2307 2498 9530 9958 7654 6511 
192 935 7762 3758 3877 3565 3106 6145 2698 1863 6633 6463 6616 5537 6655 4814 8346 
193 2 935 8396 5099 5437 782 2346 8450 8020 9941 6759 7628 5497 4987 2482 2683 8031 
194 5962 2986 7179 8114 3638 7289 9476 1951 9646 653 1938 7453 8279 1626 
195 4619 4086 6389 2190 1158 1590 155 2546 8779 7500 6109 8707 
196 321 8848 3504 6861 4100 1135 6289 8464 152 7658 9116 7865 8616 
197 79 3836 5286 746 3955 8460 4927 2507 2537 1347 9214 4071 3102 7973 
198 9968 79 7153 9903 4692 1620 9280 6038 3037 3769 6546 3227 7695 
199 4091 9842 5182 3991 3220 9664 9943 2977 6325 7291 5893 6695 7925 5995 1644 5730 
200 79 9898 9615 9349 796 1780 4977 417 5150 5463 3398 1470 1915 3402 8670 9052 5267 
201 2340 8284 6153 6778 6889 873 5686 5380 7098 3224 5780 451 3081 5277 1520 3176 
202 2962 2666 7199 5890 3804 3016 6461 8029 2045 107 3152 2194 1586 6958 
203 4314 3376 9787 6010 3175 7768 3890 4619 7603 944 3722 2619 
204 8832 1731 9842 7915 1483 4396 894 8045 8387 7949 7873 5710 9686 
205 2962 7699 5862 1937 4744 6016 5590 6484 5693 7685 4541 2664 9670 
206 6938 79 745 7713 6296 5899 3666 1408 2563 1140 7501 3655 2940 661 5682 3043 237 5664 2817 
207 2240 1790 9841 7049 9598 7011 813 4985 2684 445 6363 1308 765 7575 7987 1689 
208 5962 835 7958 4574 2585 6818 2657 9360 2178 5364 
209 6470 259 2198 8801 8221 2658 3423 8226 3174 1390 1849 502 6013 
210 3012 2962 5507 5846 285 7155 6782 9042 5967 3284 7706 5583 8191 5913 53 7731 5543 1781 
211 6258 6938 3936 9219 1625 3601 5841 9465 315 9098 3645 3464 7935 2972 8886 
212 5412 8428 7207 6876 2450 8244 7192 8576 4028 4806 
213 2060 8903 5853 1990 7029 5972 8989 9308 7405 8414 9079 5739 
214 9007 8212 4531 6406 4862 4722 4281 8573 3288 1255 4999 2868 7010 
215 7883 2673 9560 855 6700 2573 8247 7889 1849 4479 3217 
216 3074 7219 709 8005 2320 4728 3645 7315 8676 3202 4422 148 1151 6254 4890 9222 2932 
217 569 6608 2603 9065 5884 6351 3055 6140 6389 2054 685 5551 2745 1389 7641 8686 9372 
218 79 9007 7652 6554 834 9301 3004 4348 8423 2120 6151 7550 4896 4060 5300 4495 5631 3548 1301 2896 
219 2962 2013 8284 557 197 4397 8602 4766 9223 797 5424 7830 4319 7868 
220 8406 9842 4326 9312 861 8745 944 9067 9236 5924 3689 2318 3351 9813 
221 5715 4647 6986 4985 7447 7205 9928 532 4237 744 1145 4409 9752 2343 5420 6037 
222 2 6613 5322 4744 3953 3993 7282 4002 1094 4095 6552 8383 876 
223 6060 7009 8404 4158 9519 70 7116 1144 3437 9866 3105 
224 2 79 6827 977 3421 5568 4519 1239 2948 1560 7551 4583 8585 
225 2962 6584 1534 5981 8429 7288 5186 8746 1754 766 9952 3169 1096 8356 
226 79 8125 4020 66 9729 1680 6153 6774 446 5568 4004 5840 8178 5119 1814 5504 
227 2 5880 979 2240 4024 5026 7486 8672 9503 8994 5740 6178 8813 5877 1727 32 8968 7839 6602 
228 9903 3936 177 4928 8319 3129 9264 6715 3870 3416 542 4789 2134 2990 2941 8915 
229 4531 6938 9900 6522 9686 580 8389 3522 6651 4193 375 
230 4020 6264 2816 6384 9911 6392 3278 3627 4647 9644 5640 
231 4340 867 3255 2590 2068 7657 6893 7214 7210 408 6103 2452 8175 5456 
232 79 3958 9268 3750 4981 9213 6241 3296 8393 1713 9771 7198 9186 4249 5500 
233 2962 3877 5412 5869 8335 1462 2155 1540 2325 3383 8250 9609 3467 1808 6673 3409 8927 7318 3439 676 3007 
234 7296 8671 1343 8419 5254 1841 3285 3534 206 6380 9497 5996 113 8750 2841 8439 2025 
235 2240 2 7709 1289 238 3884 3173 3108 1270 9889 4844 9089 2027 6939 6723 6897 3116 5683 3304 1923 
236 4020 5677 2607 3105 8636 3177 1724 6719 2357 1111 4290 5828 
237 7949 3510 4762 1837 3744 1367 4143 7535 6702 5997 4666 4472 5514 
238 9007 4415 4877 1063 7609 7547 7162 5624 3367 3842 6659 1869 1943 
239 6482 935 5557 77 5915 8331 1564 1033 9474 9076 3063 836 8280 
240 4129 9842 5060 5141 4867 9947 7076 4576 9451 3368 6372 9867 3683 448 
241 2013 5340 3240 8589 6439 9797 197 3266 5027 5543 4400 2794 334 5618 
242 7652 5326 3380 9842 137 398 7327 835 1883 6760 6908 4706 7148 7452 
243 2240 8209 4739 4506 5302 1870 2838 8019 2665 5340 9610 2225 91 2621 
244 412 8920 4863 4455 3942 4976 1618 2333 8078 500 6225 6583 5274 
245 8125 4931 5002 1193 6206 6441 4817 3647 5202 1635 
246 3061 647 6114 7887 4489 2559 3215 964 8415 5296 3375 767 1501 
247 935 8830 2875 3006 7657 7048 4154 1755 5959 2918 1229 4620 8895 
248 2 3103 8841 2327 1609 3803 1827 3271 4851 8966 9231 1336 3735 5625 8293 
249 7762 6737 6194 6205 2878 5935 5608 3766 587 8762 8668 9711 
250 2962 745 1079 2510 4611 9511 207 2778 6710 6607 3299 8542 2608 
251 412 2643 5677 2716 7354 6676 2712 2982 919 3169 6004 4951 7140 1803 7036 
252 1668 2643 6785 2915 5902 8263 4320 2823 6963 3927 9487 3179 8550 4349 5763 
253 2555 925 7252 5904 475 1319 5537 9967 5337 9644 7485 2401 890 1087 
254 745 2288 8024 3743 2484 2612 1362 9169 232 2040 4128 190 5532 
255 5748 4269 4687 1881 6234 7169 7619 5301 1545 8989 9046 9812 1370 3356 
256 2986 9347 284 1357 5867 995 5555 1228 3606 5921 9552 7222 7726 
257 3894 7219 4144 5991 573 6355 684 125 6040 503 6663 5498 8331 
258 6020 6131 6835 4412 5524 3811 2078 1878 3780 6683 9980 218 
259 8994 9453 1287 9893 909 9906 8997 7275 5806 8743 1243 8042 5939 
260 7240 3074 8005 9816 1345 5091 97 3380 5282 5016 150 6279 502 
261 6467 7762 9160 3687 4313 2347 4844 2108 43 8422 2854 1015 3716 
262 2555 5458 420 8125 809 9452 4528 2115 6843 8383 5868 4049 9804 8207 2681 5803 
263 5715 199 7252 4467 4117 1846 3341 915 9285 6225 1412 9795 4987 7665 5265 4243 1226 
264 5715 732 552 1377 2376 9514 137 9115 3821 1719 8622 6530 365 6015 9528 5508 627 
265 7699 5014 6612 8024 2641 8748 6600 7360 7350 5809 7048 1082 3474 397 
266 6938 5899 166 1073 801 1585 7460 5421 7427 7933 8967 5216 587 
267 7153 2962 569 2193 8447 9479 9288 555 2378 1602 4238 103 5418 
268 427 2340 2422 5483 948 9246 320 3617 1978 8511 4708 1463 5524 
269 2 3586 2943 4824 9205 6075 935 9584 9790 7678 6379 1606 9128 9838 271 1038 4282 2164 
270 8334 2061 1135 2365 5364 6544 9437 2687 
271 8439 8145 9624 6575 2162 2775 9600 8054 2443 5735 677 2021 3820 7496 9915 
272 9842 9852 3970 5304 4299 2274 5229 6179 4199 7918 5122 866 7170 3095 1547 3446 8697 2032 
273 4199 1942 2898 5846 5344 7919 7784 8197 3505 274 377 4586 7103 4686 1228 
274 321 3783 3936 4616 1496 5032 1735 5506 5259 4214 666 5950 2091 6988 8118 
275 1668 6962 8692 3571 6649 5660 8196 3243 2073 3161 8191 5285 8488 
276 2986 2263 8673 6375 4111 3759 5340 1292 7878 488 2292 6493 9016 
277 3543 1105 7120 1534 1714 9757 6090 8949 5799 9004 7458 2749 658 2433 5378 5455 
278 7652 7791 2184 8826 3775 9653 5988 1089 1324 29 3600 8088 
279 1429 732 6592 8515 7389 7388 5675 7783 8876 7480 4261 576 842 
280 3877 2288 105 3064 4045 6060 5534 8037 8834 1127 624 3716 6325 1639 5548 7052 471 
281 3376 9244 6044 5457 8248 3656 1376 1960 8176 2785 4802 2510 8281 3030 1259 917 1405 8214 
282 9848 9219 726 6165 3678 9746 743 2751 2725 2122 4977 1797 5572 6945 8484 
283 1299 4286 4497 5045 9985 5427 2675 7322 7130 2928 7156 2116 
284 2 7699 9007 1117 9979 9009 6935 1509 4992 1053 4916 7110 5256 279 8383 3784 
285 183 3651 1358 7234 4098 923 287 9311 8121 1239 1517 7942 3735 
286 979 7517 13 2471 3831 8083 1933 3220 1705 61 5945 2191 4034 9402 172 7089 
287 3728 8125 5307 1169 1481 6636 6490 3314 8922 6185 5506 48 7493 2453 6680 
288 935 7652 9990 4034 8844 1538 5964 7356 1083 2473 7463 5439 5471 1405 3692 9439 6247 5885 7111 
289 7791 2386 4149 2726 1212 6205 7578 6497 6947 1574 916 
290 321 4151 30 2060 5569 2451 9756 7644 650 1411 5870 4349 9250 378 
291 2962 3144 4081 8889 5609 3205 5509 7706 2864 5849 3324 9938 15 6570 5392 207 
292 2240 7699 1133 6360 4674 5137 89 4899 1226 3210 1926 8996 2751 
293 3521 6652 851 218 1271 1584 509 2007 9094 3891 5090 6599 7536 5052 8477 
294 412 7296 6675 3294 9473 7172 9099 9626 7357 1880 9944 
295 5869 7762 5322 200 4527 7709 9635 1315 7373 3315 2119 3917 2448 181 6604 1564 3121 
296 3012 2052 9968 5387 6006 2377 2584 8901 4702 2445 4966 8230 3063 792 3837 3726 84 
297 935 2155 5413 8091 9184 9882 4393 7305 6901 3512 
298 6178 5784 1576 3111 1833 3539 1575 526 7079 3276 5773 2535 4611 9678 4852 
299 7713 1625 5775 5402 3014 5436 1634 8648 8041 9621 5385 8847 4869 
300 2 5064 8994 5359 9937 4601 2931 4011 6878 5704 9408 7913 341 
301 935 6049 5412 2698 7397 4951 6628 3494 7898 5007 3791 1594 6897 9353 
302 427 3012 8248 6236 1406 9216 6233 2436 5130 7219 8047 8774 1903 1691 
303 8722 7880 8406 8841 5245 4801 9153 6274 9020 886 4490 8405 2757 2435 8903 9460 5572 
304 2240 7120 5917 1134 3254 4094 5380 5729 7760 2997 9504 5578 9013 5444 
305 1984 2288 4201 1415 9491 8945 7911 3082 872 4739 1513 8740 548 9211 
306 321 7732 4784 1277 5004 7520 6426 4501 3436 5011 3768 5062 5510 
307 1657 7899 577 919 351 9495 5769 9278 5442 5179 8988 
308 7652 3316 7243 5444 2371 3368 9006 7543 2695 756 7012 6937 9939 6064 
309 4855 652 9162 1589 7797 5705 4547 3725 129 8974 9450 
310 523 6324 9174 6383 3551 1531 2767 1002 7407 6393 3674 2492 
311 6613 3316 3528 8552 962 2756 2455 3353 6527 6589 2018 5567 
312 4326 321 7732 3602 7997 6030 3554 1982 1067 5205 1439 7152 5640 2995 9961 2114 4404 2361 
313 7652 2986 7949 4522 5598 6732 6515 2106 7831 6696 2842 9123 5158 5676 9709 9712 5283 
314 427 4176 9986 6858 4545 8432 7963 704 9539 4543 
315 5412 4531 4760 2210 2361 5563 4055 4383 7539 9018 6340 6556 
316 2 1117 4373 1993 5956 2347 9719 5261 4630 2294 2557 7238 
317 745 9834 7822 372 9135 5611 4090 8065 1265 1275 8443 8517 2960 9873 
318 7652 321 3012 6938 9573 5767 8880 8797 9334 5851 3848 6579 7565 5157 8898 6081 
319 1668 4377 4069 9436 5654 6739 6537 7204 6483 2592 386 2058 5608 3500 7659 5186 4936 
320 7652 776 5166 6476 6318 1306 6613 7274 4837 1698 6260 3559 2821 2263 6855 9292 
321 979 2192 3587 4707 3875 736 6116 5433 170 7047 9589 5541 6241 5914 
322 7762 4507 1934 3507 5172 9075 7502 7647 4958 3671 29 1703 6805 5219 4532 520 9115 
323 5437 3003 2457 8496 9942 2573 7608 9552 1212 4270 
324 1774 5154 1036 1469 3227 2906 4748 3243 5144 5837 1804 1605 5481 
325 2240 8212 864 420 8788 254 5235 8124 7273 4380 1174 2961 3400 4820 
326 4752 4895 8424 8557 2406 1359 1025 2258 4598 
327 259 8487 2003 8980 225 8346 7112 2058 1340 5238 2567 8625 2801 
328 79 6827 259 1504 9236 220 3998 7700 6480 2392 7392 9041 929 3799 7526 888 4554 3839 
329 9139 6737 674 939 3260 390 8576 4955 2319 2029 8027 4981 5382 9579 
330 4624 3064 2572 4373 8066 8115 8294 9125 6966 2399 6350 
331 3074 776 7573 8401 5812 3492 1973 4536 3828 1528 2975 7779 
332 2555 7782 1647 2846 7691 7788 2952 2535 4628 8271 7239 98 9008 7033 551 1908 
333 2 4035 7948 4958 1075 3428 7743 1045 7271 626 2390 7506 8308 7307 
334 2962 5064 6692 5132 325 5452 2133 8717 7862 738 2159 9256 2028 17 3506 4653 
335 7120 9834 8215 2672 5124 844 1892 2853 7959 1166 
336 9968 2288 1670 6424 2264 2260 4504 4706 3493 9226 6888 655 1563 2639 1402 6518 7311 5920 
337 6938 7652 3835 1516 2253 7403 1092 7086 5944 8687 6703 4336 61 
338 8134 3371 2383 5592 267 4749 4202 2146 8444 4100 8079 8237 7522 4440 915 4787 6635 
339 4170 2125 8381 2971 612 1833 3496 381 7211 3054 3310 2553 
340 5715 2288 7044 6625 1453 2901 294 2285 3726 638 1643 6557 5577 7861 
341 2555 5848 6399 9145 7498 4712 9217 3321 3977 6993 4363 5292 
342 321 4855 5747 1643 1664 2445 576 2796 512 8325 8378 4445 164 7861 
343 1774 5993 3021 7175 6487 1582 6083 8893 805 7043 6636 5652 7824 8168 
344 2240 79 6613 395 2388 841 1825 3428 6176 7398 5762 8044 4935 9274 1439 
345 321 4020 7852 3707 7922 9100 4357 2694 3500 6288 5517 5128 7576 
346 321 2437 5397 3052 9259 3078 5296 8894 3396 1708 944 7639 247 3714 4057 8546 350 
347 1625 9842 1984 2910 6436 4607 2151 3195 126 3849 7343 3051 4456 71 5425 
348 732 3022 9801 3466 3524 1129 6581 4636 1461 9541 6520 3595 7581 7819 7653 
349 7652 1774 843 7518 3536 4131 651 9446 8398 3188 1354 4477 
350 979 9244 4967 2170 5134 8929 4113 4824 4935 973 605 9966 5552 2155 8723 8210 
351 427 4314 3032 2858 1121 8017 971 2695 4369 3448 6357 1114 8399 4897 5045 
352 5715 935 8116 4423 3803 6364 7091 5249 3516 2530 9623 1003 6842 2768 7818 
353 4035 2340 5219 9709 6056 7657 7014 5535 933 425 6925 2834 4181 6606 7027 3364 
354 3936 6486 6403 9867 9074 8528 8917 2129 1807 952 6410 7051 4500 5912 111 
355 3144 3077 270 8401 8438 4003 6519 9909 2057 6177 2090 7999 
356 4035 9580 2877 975 4712 7309 8619 124 3309 7109 9634 625 
357 5748 7949 5122 6494 3226 1905 6544 9492 1093 7115 9640 750 7417 8681 1649 955 670 8269 
358 4909 7782 22 5596 8744 2566 7180 8441 3067 9582 9438 4214 2862 7466 
359 9968 7153 1149 7133 4708 172 5659 8602 6439 5813 3968 811 4324 937 1019 3601 
360 5715 84 2760 5815 8345 5416 5513 3237 7156 5682 8270 3389 567 1573 3698 
361 447 7790 6569 2026 7661 252 8918 2251 4126 2716 2514 5671 2003 
362 1668 7791 3427 761 469 5138 8554 6654 9163 5789 8675 762 3562 2897 5358 4012 6839 5007 
363 79 4362 4963 3596 1494 3421 7377 7648 8818 6929 2600 4988 
364 79 1381 417 8057 2973 5436 2191 7745 94 1170 3992 4234 6618 4693 
365 2288 9533 208 2685 7027 8068 596 9418 2752 7376 7390 8130 153 9966 9696 202 
366 5869 9533 6980 9990 6230 5193 1492 2541 2683 9314 878 8388 8244 2023 3824 9643 
367 7699 5767 4628 333 5640 5319 4573 1758 8082 2660 9931 3713 
368 3936 6251 3665 676 7010 862 4315 7723 5743 7006 8888 9984 2772 
369 79 7699 1739 4692 7166 7915 8745 9170 2980 5400 4775 6830 
370 2240 979 5898 3343 1259 6632 4509 6547 6485 3878 7856 2661 7845 497 4660 4336 3619 3123 
371 6054 4340 2753 6388 4025 5271 4751 2789 2943 7978 4863 3641 3122 9656 6842 5601 
372 9533 369 9160 837 2778 230 9774 8370 4829 8660 9886 5557 9277 
373 6613 3395 6537 644 3492 778 3074 600 96 119 7288 9298 7589 
374 8134 8711 8193 5964 1611 1247 3418 1932 6606 7824 6134 7662 4054 7847 83 3452 
375 6635 7467 9374 3910 599 5629 5912 2201 9308 3686 5867 7884 5790 9792 550 
376 1668 3894 1979 4365 1139 1216 9688 8618 8435 3196 5512 4440 8558 5264 2257 6752 4620 
377 8125 3376 4311 3371 2418 1159 2993 6160 4589 8196 1995 5938 5372 
378 3877 9834 5053 2097 7829 3534 3971 2610 9506 6290 9521 2038 9669 5314 229 
379 2 1496 3043 9657 3062 7538 8096 6752 7368 9146 1320 3436 
380 5715 4870 2440 8427 1375 9981 2416 7859 7964 7564 3407 8173 3408 9123 5770 3894 
381 2240 7782 4079 3807 1927 1389 3146 5262 7435 4192 7442 3988 5082 2450 1639 254 2817 
382 321 3543 4348 2415 7967 4848 3721 7637 9401 5502 4456 7980 8549 211 525 
383 2240 7883 2611 7481 4774 2627 4070 8445 9451 3186 2843 6398 1247 9291 8532 7987 4702 2602 8076 
384 7883 5848 9453 4778 8030 8775 4606 587 4608 8546 4147 3422 4191 4433 9172 489 6702 
385 7762 2412 8343 8724 4348 3215 8411 5372 1024 6929 2998 2516 2737 
386 8470 5715 457 6030 4198 9410 2388 7 7528 4035 3005 5397 4393 4391 5431 603 640 1852 4672 8029 
387 1256 6738 5291 1175 7394 8970 9454 8990 2683 5913 1948 1000 769 7429 
388 2962 2240 2121 3936 4760 6432 9926 1461 2260 6319 7153 3669 8772 6971 1149 1137 3438 
389 79 2986 7864 9091 2823 2717 8669 9663 3113 2269 4016 500 5204 
390 2 7949 7439 6875 2083 1183 4309 8032 2377 6297 7146 7873 1806 5941 
391 8896 9037 2012 1332 3770 9361 8511 3048 5175 1364 5454 1913 820 2707 
392 7652 6030 7756 8569 5976 1667 6794 2853 4732 5533 9926 6838 2017 
393 5715 2 2340 8639 6527 2054 5991 7718 6680 2217 4047 5554 5348 
394 3936 1763 560 310 4316 3565 5820 6278 7418 2272 9969 7662 4411 
395 79 1238 9518 3830 8716 5739 766 6394 4043 230 4502 1117 5251 1666 8458 4560 
396 2240 6692 5698 4938 3264 5343 1555 5669 2143 9726 9610 8483 6825 
397 6101 9968 2114 5655 5465 4809 6093 757 6108 5147 6265 8887 9253 4871 
398 2978 6674 8252 5975 2226 978 3136 7733 9616 7608 8165 
399 4539 192 796 9202 4750 9307 2702 6839 7808 4065 8857 2715 
400 79 9374 7233 7671 9033 3257 1330 3200 8707 3047 9775 1947 5716 9543 2288 
401 3111 9224 3758 3163 8736 4339 1984 4186 1475 73 1319 726 2426 896 1935 7974 7382 
402 8498 4011 9842 5214 2699 9036 8148 9668 5354 8590 8195 1660 7177 921 2347 8361 1042 8108 
403 2327 3234 7936 3625 5727 9710 2219 4498 3607 3454 5740 8071 2503 9469 
404 9842 2216 5681 5832 3822 678 3270 93 1839 4908 2801 
405 2240 6613 6608 2729 118 4940 7443 6021 2749 1853 7022 6537 6139 4993 6573 657 4664 8028 
406 5962 9244 9023 7665 5821 3212 9377 9520 7092 5405 6919 1868 8483 537 3966 
407 2240 6938 6134 3113 8775 7119 856 4185 6208 9992 8617 7175 6581 3522 
408 6101 5507 6482 3316 3883 858 536 5225 8152 7731 3934 4343 5504 2399 9013 7265 4276 
409 399 4727 1106 3873 2419 2961 8564 9674 2217 8768 8578 7178 7159 
410 5962 427 1850 5271 1757 2361 1787 6563 5683 9419 870 2842 3611 
411 427 2537 7359 5227 3482 6255 6109 4672 7371 8821 
412 5962 3012 2288 4739 4103 2953 6273 344 912 2531 2188 4338 
413 2662 5437 761 4403 7725 3829 1102 7972 2153 2784 6909 5349 8685 5435 1187 4543 
414 1984 6281 7079 4293 3508 4838 1562 8630 7801 6500 6481 3913 9958 
415 6030 935 2578 8976 1795 7684 883 7257 2402 7312 632 4212 3557 5194 6328 
416 7438 9903 7795 5132 3315 324 8620 4061 1163 2724 9704 2271 7543 
417 1054 7579 6111 4184 6118 8059 5328 4324 8839 8179 860 
418 2962 7874 3664 4187 1842 7776 8236 4478 6892 1487 9694 7302 6240 3261 
419 7240 5962 4311 1206 3207 4333 8307 8200 7908 2849 2174 8009 2336 4847 6666 8655 9370 
420 6613 5862 9086 6413 3174 4356 9693 4522 3635 4277 176 1906 3159 8189 5095 4831 5702 6007 5905 3032 
421 8579 470 2243 5647 6088 2765 712 1783 4871 6371 
422 8491 1710 9720 3461 6227 9736 3103 7319 4392 3139 915 3164 921 3197 
423 7120 9129 1657 5127 8886 5447 1374 4737 1089 4942 1760 1037 9192 
424 4199 4399 5300 8107 5961 6174 2735 2980 9641 7391 8986 5858 6979 6245 2985 
425 321 2555 8293 7044 3441 5044 3580 4415 3463 7226 409 1725 792 8092 852 2655 8386 
426 1774 7880 7806 4081 1116 6809 6661 7200 7243 9499 7577 4372 1074 9306 3363 4705 1726 6995 
427 5715 6101 788 3606 3912 559 8867 6055 6346 1177 9745 1771 5930 
428 1774 7652 1238 3052 95 4643 3246 231 7799 8502 779 3663 
429 8994 8134 5880 2630 3964 656 3832 9455 2136 3677 4437 6337 9857 6413 6821 897 8075 
430 7949 7710 8710 4899 2497 2290 5293 2 3406 8371 4633 2329 6872 
431 6899 9829 7986 9358 5422 2920 73 382 9024 9429 3219 
432 5715 5869 3757 9376 2874 9108 8249 6539 9869 594 3081 747 3090 
433 6101 8125 6327 3427 616 8642 5085 8174 8879 6920 2983 4136 6209 1430 5053 251 2609 8160 6014 1555 
434 6101 9244 3823 802 9586 5394 2173 5058 5823 181 4150 953 4684 8224 8272 
435 2240 8994 9968 5340 7902 6817 9107 3320 4357 297 606 5480 4554 2094 7708 2360 7603 2890 
436 2327 9968 3186 8914 9064 2348 1724 6455 5505 6987 5468 9405 3161 
437 2962 2773 9524 6707 2861 4067 1349 3134 5717 932 4589 
438 8644 3226 1056 78 2848 5075 3182 5443 7138 6380 8430 7785 
439 2892 8375 5318 3023 6324 3421 7216 4609 2334 2797 9071 8525 9860 1052 3989 
440 7545 5520 5446 7096 9289 3147 9777 3292 3957 2677 3092 4996 2258 9333 321 8533 
441 5546 6201 1902 8818 6571 5281 3820 9367 2935 2134 3986 
442 3982 9007 5239 7822 4511 3312 6002 4341 3990 5252 5146 4430 2599 3168 
443 8711 4971 6528 2464 22 3100 6051 9537 518 2104 957 8454 5952 1150 2842 1162 
444 8994 9075 5219 6712 6445 3717 2519 6480 4600 6501 4011 3578 468 8644 4681 9379 1372 
445 3936 5507 8043 7686 4442 9237 3357 4203 5231 1918 171 3498 1645 6968 8629 
446 2986 2555 1611 1058 4687 5287 1720 210 6906 2097 3824 7264 2864 4841 7302 
447 3074 2923 8771 6494 909 4656 4650 6720 4660 1234 6520 
448 6011 5910 7784 6645 5867 6309 2900 9402 6679 8972 6899 
449 5762 6827 783 2 3929 1014 3785 2381 4041 5558 199 7242 7945 
450 2155 3982 5715 1003 6220 2205 5488 3410 5549 9182 2111 2518 6086 5957 
451 5340 9533 427 8134 2155 1557 6584 3700 937 6681 1560 5404 766 5748 1038 8027 5725 5329 4138 5240 6834 4531 2483 
452 9199 2 8267 9336 8223 8864 330 2931 1630 8457 1594 1272 9650 7233 
453 5064 2475 8733 326 6159 1003 3355 3822 4062 5971 1489 6228 3691 
454 2245 905 3552 6383 3975 3038 7067 4800 2130 
455 3584 2 2865 3015 7837 6637 3966 5518 3949 8285 4842 4410 
456 836 1544 4158 6142 3104 6238 2669 1333 6834 1798 1363 2305 
457 3427 321 6429 9561 6040 6411 8607 4172 5523 538 6147 7250 6685 
458 7699 1256 9085 2097 5758 4944 7700 8347 7680 5948 7277 5385 9018 8470 4489 
459 9244 5111 5698 7943 626 1864 7553 8683 8687 6755 3693 3210 7069 624 9903 6507 8155 3230 
460 79 7762 6949 9094 5339 7222 1507 7537 5283 4663 9811 4333 2159 8441 7030 6349 
461 1625 8199 3922 5378 5672 2671 1471 8521 634 
462 7762 4526 6376 8015 9733 1278 8730 6796 6740 9302 5873 9123 4907 8596 
463 1343 2304 9848 8858 951 925 7909 2406 2242 6386 5712 3675 3754 3539 5529 9407 8521 
464 7997 321 3004 9560 7546 1269 2924 355 3525 898 744 9904 1742 5417 8368 2256 
465 1979 6101 3987 6315 416 7490 6006 3450 6308 5998 8873 
466 3163 79 2465 2439 6745 1026 9980 2717 568 7735 8772 6928 6232 
467 2013 8733 883 6339 4142 7292 8379 8473 8221 9019 8430 1119 108 
468 321 3905 7089 9915 7681 7563 2719 9022 3245 2434 9718 
469 5458 4352 5715 1328 1789 7191 1268 2722 4958 2297 2488 9737 2973 2934 5224 
470 2240 8062 2155 4870 7023 8752 2221 6888 6883 3473 3211 4082 14 6472 3301 
471 8387 8708 9290 4912 4086 3397 5469 7733 5323 7448 8097 3971 4045 3250 2147 2536 6795 2893 
472 9533 7012 2028 2433 1407 7040 1494 1281 3591 792 261 752 7952 3182 9122 
473 2818 1745 7124 3477 1251 122 9682 3097 2015 5355 9308 3100 
474 3521 5715 4985 9965 7678 4881 6420 2063 3683 4434 5730 8908 9380 4770 314 3452 5156 
475 1238 6101 6521 8047 2385 2519 3783 9070 5633 8851 6031 5401 3060 9589 
476 2962 7 3753 4402 6217 9831 3286 7772 5291 4084 3271 8777 3329 183 9113 
477 3371 2615 3111 5193 9522 5576 634 9472 1040 8040 720 4555 7428 1748 
478 3144 6099 8693 4372 8568 1160 7524 7516 4252 4597 5464 4061 2121 8760 
479 427 9533 7864 7786 9096 6993 946 9663 2282 5515 6106 7867 7773 4907 8778 6408 
480 3012 8491 5715 6547 4962 5389 3657 6177 494 830 3457 5602 3841 8083 2592 9914 6664 
481 6547 5412 1601 6218 2826 7965 2218 5530 6224 1106 3787 9475 2140 4054 
482 2986 1668 110 9387 7003 7764 7113 6540 9711 1425 8499 4184 4815 5274 
483 1668 935 3812 8970 2804 7121 4933 6426 6381 6534 6407 366 545 83 2357 2925 
484 2288 5412 2555 2904 6404 7713 3086 6183 3912 9629 1086 5388 5169 7306 9921 9409 555 
485 8644 2123 4859 4159 1589 5795 2457 4361 3804 6600 8528 5238 3911 4588 
486 3936 780 8898 3523 5325 2456 2997 1376 9102 6201 229 
487 79 6701 4465 853 8614 3524 4485 224 6531 8529 3555 4443 
488 4199 6285 255 6828 5470 4146 162 3995 7791 6304 9933 4800 
489 1668 7950 5483 1429 7470 6169 2564 4450 5037 5058 8941 5827 9820 7055 1610 
490 1134 321 1956 5876 2436 1549 7437 3856 4286 4001 2979 824 6001 2758 
491 412 2240 9467 4200 277 93 5771 3658 9723 1002 6079 3821 
492 238 5715 2615 1524 6258 9764 4024 7947 2863 609 9382 3602 4982 2163 3337 2552 296 
493 321 1353 6538 3012 4697 8093 6999 1329 4030 6595 7024 4001 2571 
494 6547 135 6895 8146 8689 4192 9299 7381 7100 1853 7793 1896 6332 5202 8722 
495 7454 4925 8350 5086 5818 9872 6974 8469 2669 9469 3761 
496 321 5783 5103 3520 4178 9534 6395 7639 3488 9210 2796 7369 2405 
497 7120 2666 511 4300 1012 7489 7287 6936 5463 6182 8504 219 
498 3836 9007 7992 3570 34 5184 5561 5785 6786 7035 6112 1663 9243 
499 2121 5715 647 4521 6293 80 5878 2675 5733 67 1981 293 5637 4401 
