100 
0 8 1412 1052 449 134 4266 308 47 431 1476 305 131 396 74 37 62 45 72 419 31 75 76 4740 43 1287 249 1045 165 1209 18 110 79 129 448 22 320 66 2337 535 
1 1591 74 40 32 974 4727 307 20 3400 2128 3772 1780 201 65 422 67 58 749 49 3 14 17 892 378 233 4535 1290 113 91 3626 6 0 2 
2 3244 155 703 39 3666 110 921 3725 35 12 18 816 604 5 2 3 225 7 11 4287 9 68 20 423 8 3506 476 378 29 19 77 1 28 317 0 
3 58 65 5463 413 945 611 22 6491 7105 288 87 1291 645 441 6188 40 127 229 46 276 2648 6239 62 1114 712 52 3220 846 1202 31 453 
4 3767 402 152 269 39 34 4584 20 77 4157 156 429 1389 395 3656 4492 10 6765 362 286 660 91 117 457 22 119 1204 343 877 40 3380 
5 3849 155 1263 57 33 1461 559 362 102 2 86 347 821 9584 15 23 92 728 13 904 104 129 56 0 4 353 1292 62 25 16 26 3 1 18 5 
6 4393 6651 109 420 1420 1902 120 130 263 4653 22 1585 743 276 112 59 6502 1167 8 966 49 3052 104 401 2072 17 490 218 692 9424 12 154 428 
7 1290 554 4371 28 583 38 295 9 64 51 709 805 381 218 356 68 3929 16 2506 243 30 8 478 2 22 27 31 552 254 3 137 580 5 0 141 2316 435 101 
8 708 138 252 199 71 1360 299 2546 317 20 504 7701 3 4 370 2033 28 67 1410 22 2367 852 0 1 8 77 222 
9 138 1077 554 6304 1571 64 4 2216 7 160 12 3 483 57 113 68 32 3898 197 79 59 20 6 30 14 24 74 78 6038 5 9 0 1 2381 5451 2 719 
10 2848 5926 1737 583 176 19 63 290 159 6011 1253 1419 4420 708 18 34 62 617 13 301 2010 279 7 119 5478 2660 6 95 37 5 1 3 4 2 137 831 1142 4310 151 0 
11 6138 3975 873 303 16 1098 13 1135 2188 72 8851 3292 86 7918 806 6882 31 188 12 51 9 5 7328 2583 726 282 47 7 53 0 25 2 6624 4 1307 66 29 
12 1310 1263 867 3441 2153 404 395 399 36 45 44 6 129 0 29 113 368 383 5 3724 3 87 393 4529 37 52 623 19 100 11 1867 1199 1 389 16 199 1410 
13 7242 5482 1888 11 1037 3556 688 21 18 57 315 130 911 425 731 2843 5461 207 296 5681 1406 292 4055 235 150 37 114 432 531 310 2466 46 54 10 119 74 
14 1310 120 243 74 1387 1519 72 1094 47 48 237 789 3986 1076 1687 141 6 21 4 61 22 9512 99 68 23 311 3001 0 13 33 1 240 
15 1495 709 3447 7585 8 341 243 27 134 65 7 2339 2527 5 285 368 211 57 71 110 130 12 905 1 4 69 339 40 552 158 18 10 439 753 2 98 14 0 3 43 
16 155 5526 252 2296 109 96 807 390 1977 432 342 4125 2599 1182 4473 160 135 1648 47 5350 58 227 394 125 3309 2973 7390 167 42 4104 103 424 2527 1079 1172 2230 15 575 78 97 347 2516 
17 176 184 2171 2153 17 65 355 131 3030 583 193 2571 196 461 26 23 4134 9174 1024 33 1116 321 2502 228 160 200 49 201 13 32 579 2382 530 70 5227 4291 4651 
18 176 1263 280 177 49 3130 78 166 1490 2839 3888 685 3511 6061 89 173 465 5789 140 534 2165 83 43 1070 2 1857 885 338 283 7 1 
19 138 1930 58 82 13 8981 212 3302 2862 3744 906 75 39 632 6087 5815 211 156 275 48 5384 59 2879 108 4958 590 12 38 1207 47 1404 84 70 522 
20 2153 7 10 17 15 4 2600 152 2 549 6 18 99 9 527 3632 9825 16 185 1 1589 0 943 3706 66 80 295 110 244 71 11 597 560 
21 583 63 5661 40 16 125 31 4 136 41 1924 49 2384 24 29 51 7161 190 0 1229 8687 7 538 4247 5 1869 799 4911 1 12 2 852 
22 7624 15 1144 20 4 232 65 36 608 901 233 25 1158 27 886 1 8 7 18 12 24 1039 1665 41 500 13 180 1461 3156 3935 2 5 2989 0 369 
23 5661 2653 37 74 35 60 430 78 7 160 4766 9 4723 7881 48 1 3099 12 43 52 7202 28 3 6 45 1109 70 623 8909 2 68 23 
24 708 155 6628 1088 73 17 37 345 245 232 216 81 203 8 1655 24 133 934 8480 3878 399 15 5165 41 3 35 116 197 42 2 9740 7 5 11 1428 74 299 2546 0 
25 2264 566 76 40 8 144 101 20 327 30 919 43 95 215 22 1743 553 143 405 141 7322 3 26 9 165 230 6 505 15 17 60 
26 5381 1263 977 2890 237 195 3600 264 131 79 522 199 61 84 1047 105 721 711 38 725 227 318 549 1029 5747 609 7726 902 182 5974 4387 6 116 803 9 0 14 18 5 31 
27 2060 8080 197 1468 21 183 2475 1056 93 16 74 231 19 113 71 6 10 241 9334 5 9 97 1922 11 176 2 235 64 40 1981 0 1427 35 1 464 20 252 4 
28 17 265 273 7723 2622 558 653 191 86 19 21 118 9577 98 3677 532 55 36 76 255 10 6607 6 2625 37 5 50 1003 61 30 32 3689 158 59 743 6481 
29 468 236 88 2359 1599 36 6992 321 181 82 19 346 1470 2958 38 5655 154 13 727 79 359 6021 241 124 3563 1217 195 410 16 467 120 3117 33 778 6491 80 861 24 23 584 436 
30 1263 621 968 184 126 1303 124 143 53 9969 7 533 436 66 330 838 396 7325 88 142 3636 267 12 1298 491 367 944 2746 2812 364 60 24 26 822 438 
31 583 176 4247 869 1557 867 19 2400 1365 722 9848 39 81 124 21 50 5 7641 8473 8 3 184 9 449 14 3000 4 2 4259 2580 16 24 132 110 1 48 7 34 204 0 6 
32 5921 1502 1310 869 686 390 88 2272 38 4345 11 2325 64 320 4061 14 26 0 53 733 7691 154 3 72 10 2419 12 2378 4 2 113 21 42 242 1 18 20 
33 708 5091 27 34 309 37 1887 2647 2990 68 366 479 701 64 440 901 4 2627 45 44 145 46 204 6 115 188 240 19 7 136 8601 25 5 3532 20 3173 
34 1737 708 3248 59 3735 4 122 1675 173 165 4498 6 1301 4353 38 3894 4055 4977 26 17 9 10 876 18 39 42 1188 27 16 5 155 2 1004 941 665 3369 
35 3849 9 9322 23 1151 40 2148 153 73 74 564 324 156 31 2032 711 1885 1830 102 3537 43 25 263 349 18 119 1395 15 307 57 24 5823 696 4765 855 13 
36 3110 9542 1737 2492 329 1844 3133 5769 42 170 1370 4273 146 350 1644 6439 212 2124 631 3563 6339 913 2913 183 118 3519 26 326 319 2073 7234 149 200 955 1269 2078 
37 138 3097 873 7984 27 63 8 9961 705 11 132 55 3218 3947 1372 548 687 164 15 2377 200 6 3 162 65 32 1402 287 5603 13 4309 1 7 29 0 472 4701 4 56 
38 4371 155 138 797 20 7 3173 17 4651 151 1 66 18 2 16 9 19 14 5 31 254 28 84 8 251 106 11 74 4 40 582 60 43 79 399 3 0 
39 120 5921 583 7 454 3213 98 18 186 5006 115 49 3401 862 601 1010 3554 20 9 28 6691 801 17 15 70 3853 92 301 1 795 4 67 1174 40 0 
40 1958 1613 62 192 1675 4920 45 5702 4988 224 1439 3251 1039 889 66 157 713 311 48 2600 174 111 5696 80 1900 29 170 453 185 1135 203 367 
41 2848 155 131 6656 2772 438 11 7899 487 53 128 2868 134 54 437 163 46 2142 620 5 2615 6166 0 78 38 141 3 309 923 1 8 24 84 
42 1632 681 2384 7031 731 22 13 2944 5187 6303 34 1 68 2426 23 127 8176 334 861 3054 1107 1191 3 424 440 40 2 14 0 4 8 
43 6337 919 211 646 6199 1238 3507 44 33 982 1478 1228 4040 1677 89 1566 295 136 373 4977 3601 166 1788 3541 193 150 103 1177 69 64 730 306 18 20 
44 6402 7055 708 3849 1270 1591 280 6228 4893 33 192 82 7379 214 30 40 63 292 370 85 268 55 3620 293 336 651 1366 59 326 261 337 137 8868 505 5573 
45 1502 7055 1482 1310 126 14 1015 1229 13 507 917 47 37 1501 85 2454 138 59 771 855 10 27 153 15 371 966 3 93 0 254 106 399 504 
46 2208 2741 121 968 1498 245 12 128 63 59 5435 2837 143 448 389 2 1293 129 65 6869 6397 5 52 15 14 6 0 1091 1576 152 4 1098 3 1 9 11 8743 
47 2264 3097 728 63 155 41 148 9 7493 5618 104 4204 108 9831 8719 3662 12 1 54 234 154 168 1416 45 7 494 36 71 26 51 31 492 47 0 8 67 
48 1737 309 390 55 39 73 50 2579 9880 38 5658 1965 22 64 7495 1906 405 321 1254 6 258 8 31 61 35 4912 52 45 577 552 3550 32 13 28 4 2381 0 
49 138 3244 3215 121 665 1721 2633 405 187 448 3490 216 56 22 739 11 167 1557 1585 700 33 482 9495 35 4374 5428 28 2610 766 42 9230 26 7559 1 61 20 1041 48 7 6670 300 71 
50 3244 8 4863 2841 3113 1101 1232 4129 6314 9 114 12 487 3870 19 2096 23 31 25 4424 14 33 7479 1902 5016 59 13 607 4189 456 145 154 2 15 11 16 240 
51 708 4946 155 12 81 284 1063 493 3 2 225 14 6 9165 1383 1035 127 20 5 1 297 2620 180 468 93 185 780 487 345 0 138 
52 485 1310 6744 2153 782 142 3066 5848 1655 305 11 75 2005 1370 32 181 3269 2974 357 1986 1333 311 1479 1795 613 2929 239 200 213 1481 44 93 
53 3102 583 1958 1256 27 8 114 688 458 25 1912 24 275 240 161 874 155 2 192 140 366 2328 34 5 496 6121 135 133 106 1032 16 7241 681 32 96 168 4132 6845 600 60 
54 3097 2171 135 794 5312 869 6808 42 200 8638 1169 33 10 7290 336 451 91 38 28 1912 6032 261 13 289 4 5041 1047 89 9778 2985 21 413 2192 3906 
55 1502 1737 6877 484 1225 11 417 377 31 554 715 68 9 23 2 173 3 203 175 83 58 967 15 165 19 656 5 30 127 6 97 8 22 1 0 10 12 797 7701 2033 77 
56 2264 1502 136 22 789 243 7978 13 35 802 593 71 426 379 1148 6432 168 98 279 4 7484 5117 222 64 9749 18 141 50 174 3 728 
57 3975 1671 243 184 158 651 91 799 415 78 945 1271 1112 1972 4455 519 418 1061 31 166 401 1155 90 8 60 145 43 113 238 829 4304 16 6269 20 0 34 29 258 
58 175 69 9595 1810 111 170 192 9539 101 3530 160 16 54 51 76 32 41 239 128 24 573 246 254 46 7 2500 228 1318 
59 919 1283 4310 7 74 9486 242 47 84 1869 2179 6670 204 68 5451 726 389 1 2446 1423 240 1866 93 6 300 12 85 23 14 719 11 40 60 5 4 2 0 
60 126 176 2296 389 74 7012 32 6 2028 185 34 6507 120 516 2599 96 154 7114 162 118 55 15 7296 199 30 261 6281 3229 320 2501 586 1382 424 7770 1619 9770 
61 1671 6117 593 45 67 144 1601 117 366 44 3964 1045 1144 5262 202 794 58 2814 163 13 260 216 102 444 76 221 194 48 115 667 5656 401 
62 7624 1502 1310 2642 121 27 117 14 9755 277 3 999 98 7252 28 608 479 148 191 60 5 6937 31 4127 187 147 32 89 6 6224 69 732 4 2 0 158 1 1283 469 84 85 582 
63 3849 155 138 176 859 2148 829 177 499 87 3054 1652 10 933 451 1056 298 27 1425 466 14 1 6428 17 8 2 316 1257 108 110 5313 7 3 445 41 5 559 9486 68 60 0 28 
64 1737 6769 731 466 2401 714 524 633 174 93 178 924 5233 58 210 13 9584 236 2642 40 111 679 355 96 7189 32 1021 10 7860 112 17 1738 191 
65 708 3097 1263 482 531 394 335 44 100 259 325 766 11 122 12 46 178 150 1071 3348 1032 443 78 6203 43 567 444 103 107 115 8 38 7752 18 7260 849 14 28 41 134 
66 138 554 3097 3767 4347 7007 115 177 349 7 444 117 4705 501 160 623 1032 38 1912 178 4775 4654 2138 12 112 435 874 10 111 1901 14 1906 43 3730 3292 3 2179 
67 1290 3975 9824 82 15 54 3 64 8912 4508 3476 58 299 9 217 81 6 5 16 170 4354 36 51 535 110 579 47 2 641 52 67 1 0 
68 554 224 8 681 17 4867 9479 595 25 10 4594 1637 244 115 320 23 1688 46 1122 2933 1215 9161 1127 49 599 56 177 29 54 618 9 63 1 308 0 
69 1334 708 288 583 2744 9531 39 5253 1826 552 533 232 97 484 3062 194 1044 1051 5650 3901 18 5633 2033 17 68 73 66 3372 2420 3612 2343 7328 161 669 5542 
70 1384 3514 3097 3248 331 138 5465 109 1061 84 943 304 603 24 1604 4415 811 4925 824 106 54 90 593 15 225 6763 38 1203 85 447 4042 949 352 390 124 55 150 7470 
71 2264 1671 27 977 8 355 48 1038 14 1465 1494 155 520 151 15 32 8151 3 204 26 30 6924 7406 83 31 5 163 33 3271 4 9 67 1 1645 18 1634 919 214 290 7 0 1360 
72 1495 252 5727 2775 127 183 77 1427 805 30 129 402 55 414 613 863 495 488 100 26 1323 9268 1073 48 5415 22 200 84 1288 408 75 2398 7651 
73 1502 968 1572 126 4152 57 1141 1285 448 15 284 297 48 1751 185 2702 376 762 267 1854 293 3548 7 1892 2708 478 384 63 2896 474 18 6862 60 2096 8855 465 
74 485 69 4225 339 4311 10 1934 936 6005 2453 2007 164 33 98 37 48 2770 8699 464 80 14 2 11 20 226 2522 3 9837 7 23 1623 13 677 843 4 1170 17 
75 1482 1671 708 6165 2616 148 8270 329 8271 63 6450 1266 5 229 65 60 37 850 109 778 29 3 1193 53 6 50 479 3215 14 401 33 2 3247 2725 0 911 1759 6662 2207 11 1 
76 1502 1737 138 355 111 107 59 198 1602 1858 71 14 72 15 477 175 9 18 2638 11 80 132 22 1540 367 678 36 452 86 0 24 4588 2 1 777 1675 7749 56 2446 
77 3244 5661 7 2316 20 560 67 18 4 8 369 28 24 8423 1170 1428 559 1174 600 4711 101 5 34 464 2381 43 588 469 3 12 1 2 0 
78 859 6049 138 968 252 44 247 7284 139 46 806 1153 20 84 5280 2190 7679 2027 25 146 333 1085 342 63 5445 5 242 122 9219 64 5245 4 227 72 7451 1250 111 18 
79 7624 8978 595 9514 410 136 557 67 190 511 4486 92 3209 498 749 52 5954 9148 525 21 8 5883 1340 261 244 42 173 4 98 660 70 892 6554 72 7771 47 
80 5921 1671 909 155 14 537 2377 27 112 361 3 647 9872 903 5 30 10 87 467 5603 129 6 5860 9 68 3406 21 2 8 107 46 20 7123 355 1 0 8423 43 12 1869 40 22 
81 554 3097 126 25 466 3640 576 173 3754 865 476 142 328 2136 10 6773 2771 4439 27 98 2789 71 2424 61 342 16 123 1226 35 8728 659 2 7 7320 5 4 3 
82 1671 3097 8 146 60 81 215 7311 43 1779 50 573 24 832 40 249 224 118 214 10 291 844 739 9 1260 72 3545 56 1506 79 349 18 0 14 
83 2780 900 404 155 449 4512 412 6 7 9412 89 168 30 3976 21 1 3067 24 33 112 48 2063 474 3 4 17 9876 366 1895 4225 37 0 2035 5 19 79 
84 166 8 65 621 162 49 182 45 7699 42 362 33 24 2246 3618 263 17 2034 2420 28 11 60 660 6868 4642 94 878 5667 159 1 16 4 3 370 
85 2264 1502 355 148 85 10 1271 79 4147 30 9792 311 910 36 1791 559 737 3398 6658 2157 478 881 33 147 50 320 114 66 7618 52 265 25 22 363 906 
86 6165 1572 968 126 9 1465 1959 361 21 802 568 151 5078 7 329 2 6 89 1257 53 26 308 3 0 4773 162 3184 10 441 19 1 54 23 588 222 
87 1737 138 2076 164 316 8779 9 384 220 493 6400 4135 362 100 3115 2181 239 58 525 2716 24 5 142 6 1248 70 13 1427 928 23 5534 1501 757 227 25 28 
88 708 1263 7559 114 692 729 2191 291 159 333 151 6302 220 2389 697 301 8017 172 37 1272 15 22 297 96 11 2763 9 12 13 41 90 549 1581 274 2491 618 44 6 8 2952 24 
89 2848 9657 139 3259 68 7777 995 1185 57 695 213 214 8558 14 45 4051 97 12 1129 7378 472 32 19 2570 675 8942 3475 25 67 579 99 4547 
90 3097 968 132 554 9030 738 21 2566 3516 181 2335 56 3755 122 1 6354 2 929 467 1809 450 944 4 2108 12 7 37 232 115 29 14 4189 3 0 
91 2153 1070 1452 145 2138 98 3784 3675 329 266 162 610 4557 586 4260 1028 2001 101 40 406 10 585 463 53 237 111 426 1279 26 1866 2367 
92 3756 3097 583 187 2371 2465 58 3969 113 823 8826 488 57 63 47 9354 74 43 150 227 1505 348 89 277 101 11 35 55 17 20 1131 5 3 183 1624 1321 208 84 27 
93 5959 708 74 1513 1000 612 4222 45 332 361 3260 206 28 91 772 866 2099 55 2130 266 383 3387 864 9948 3247 110 542 109 66 186 4738 231 789 242 10 57 127 
94 3244 554 867 21 6845 5 13 6 1142 35 11 31 42 14 8 2952 3369 290 597 52 492 68 18 345 29 435 258 67 2381 3 24 2 4 1 0 
95 3975 176 355 728 110 7 9 71 18 34 966 113 1098 1427 26 4911 665 641 5 795 2989 48 3626 308 51 12 214 4 2 11 33 3 1 0 
96 1263 6369 197 30 7124 675 850 4983 6603 3999 2262 35 461 208 123 90 2184 424 110 2510 39 6388 295 1734 58 2704 32 134 269 1350 1228 8050 484 761 344 8166 239 
97 1263 1384 120 1878 30 31 518 23 36 2 115 50 12 11 3295 7457 6341 4 9 129 4425 21 225 54 24 38 673 6 47 85 7 727 3 0 1 18 
98 1290 3097 968 6008 6608 2546 494 7717 355 88 39 3 166 2 1732 1069 30 75 18 3083 57 14 921 5 395 6 0 51 307 3064 4 38 2712 15 4711 1 1423 
99 686 2170 98 39 3364 46 3738 31 34 476 870 5817 203 4589 133 548 64 175 28 15 104 0 296 21 75 8 4625 7 9 756 1 3 4 726 
